#
# There is insufficient memory for the Java Runtime Environment to continue.
# Native memory allocation (malloc) failed to allocate 579376 bytes for Chunk::new
# Possible reasons:
#   The system is out of physical RAM or swap space
#   The process is running with CompressedOops enabled, and the Java Heap may be blocking the growth of the native heap
# Possible solutions:
#   Reduce memory load on the system
#   Increase physical memory or swap space
#   Check if swap backing store is full
#   Decrease Java heap size (-Xmx/-Xms)
#   Decrease number of Java threads
#   Decrease Java thread stack sizes (-Xss)
#   Set larger code cache with -XX:ReservedCodeCacheSize=
#   JVM is running with Unscaled Compressed Oops mode in which the Java heap is
#     placed in the first 4GB address space. The Java Heap base address is the
#     maximum limit for the native heap growth. Please use -XX:HeapBaseMinAddress
#     to set the Java Heap base and to place the Java Heap above 4GB virtual address.
# This output file may be truncated or incomplete.
#
#  Out of Memory Error (allocation.cpp:389), pid=16784, tid=0x00000000000042bc
#
# JRE version: OpenJDK Runtime Environment (8.0_242-b01) (build 1.8.0_242-release-1644-b01)
# Java VM: OpenJDK 64-Bit Server VM (25.242-b01 mixed mode windows-amd64 compressed oops)
# Failed to write core dump. Minidumps are not enabled by default on client versions of Windows
#

---------------  T H R E A D  ---------------

Current thread (0x0000000017075800):  JavaThread "C2 CompilerThread0" daemon [_thread_in_native, id=17084, stack(0x00000000186e0000,0x00000000187e0000)]

Stack: [0x00000000186e0000,0x00000000187e0000]
[error occurred during error reporting (printing stack bounds), id 0xc0000005]

Native frames: (J=compiled Java code, j=interpreted, Vv=VM code, C=native code)


Current CompileTask:
C2: 250009 19741       4       com.android.tools.r8.u.b.m1::a (186 bytes)


---------------  P R O C E S S  ---------------

Java Threads: ( => current thread )
  0x000000001ae09800 JavaThread "ForkJoinPool.commonPool-worker-1" daemon [_thread_blocked, id=3572, stack(0x00000000305e0000,0x00000000306e0000)]
  0x000000001ae06800 JavaThread "ForkJoinPool.commonPool-worker-0" daemon [_thread_blocked, id=2720, stack(0x00000000304e0000,0x00000000305e0000)]
  0x000000001ae05800 JavaThread "ForkJoinPool.commonPool-worker-3" daemon [_thread_blocked, id=13236, stack(0x00000000302d0000,0x00000000303d0000)]
  0x000000001ae08000 JavaThread "WorkerExecutor Queue Thread 5" [_thread_blocked, id=2000, stack(0x00000000301d0000,0x00000000302d0000)]
  0x000000001b523800 JavaThread "WorkerExecutor Queue Thread 4" [_thread_blocked, id=8200, stack(0x00000000300d0000,0x00000000301d0000)]
  0x000000001b520800 JavaThread "WorkerExecutor Queue Thread 3" [_thread_blocked, id=2532, stack(0x000000002d9b0000,0x000000002dab0000)]
  0x000000001b520000 JavaThread "WorkerExecutor Queue Thread 2" [_thread_blocked, id=4544, stack(0x000000002c480000,0x000000002c580000)]
  0x000000001b523000 JavaThread "WorkerExecutor Queue" [_thread_blocked, id=2768, stack(0x000000002bf80000,0x000000002c080000)]
  0x000000001b51f000 JavaThread "RMI RenewClean-[127.0.0.1:17832,org.jetbrains.kotlin.daemon.common.LoopbackNetworkInterface$ClientLoopbackSocketFactory@20d21db0]" daemon [_thread_blocked, id=2776, stack(0x000000002adb0000,0x000000002aeb0000)]
  0x00000000207ef000 JavaThread "Cache worker for execution history cache (C:\Users\user\AndroidStudioProjects\Bounds\.gradle\6.1.1\executionHistory)" [_thread_blocked, id=9928, stack(0x0000000026160000,0x0000000026260000)]
  0x00000000207fa800 JavaThread "Execution worker for ':' Thread 3" [_thread_blocked, id=16084, stack(0x0000000026060000,0x0000000026160000)]
  0x00000000207f6800 JavaThread "Execution worker for ':' Thread 2" [_thread_blocked, id=11588, stack(0x0000000025f60000,0x0000000026060000)]
  0x00000000207f9800 JavaThread "Execution worker for ':'" [_thread_blocked, id=10612, stack(0x0000000024620000,0x0000000024720000)]
  0x00000000207fc800 JavaThread "Cache worker for file content cache (C:\Users\user\AndroidStudioProjects\Bounds\.gradle\6.1.1\fileContent)" [_thread_blocked, id=7376, stack(0x0000000024db0000,0x0000000024eb0000)]
  0x00000000207f4800 JavaThread "Cache worker for Build Output Cleanup Cache (C:\Users\user\AndroidStudioProjects\Bounds\.gradle\buildOutputCleanup)" [_thread_blocked, id=3140, stack(0x00000000242f0000,0x00000000243f0000)]
  0x00000000207f3000 JavaThread "Build operations Thread 4" [_thread_blocked, id=14324, stack(0x0000000023ff0000,0x00000000240f0000)]
  0x00000000207f5000 JavaThread "Build operations Thread 3" [_thread_blocked, id=3128, stack(0x00000000230f0000,0x00000000231f0000)]
  0x00000000207f0800 JavaThread "Build operations Thread 2" [_thread_blocked, id=4316, stack(0x00000000217d0000,0x00000000218d0000)]
  0x000000001a03c000 JavaThread "Build operations" [_thread_blocked, id=9440, stack(0x00000000216d0000,0x00000000217d0000)]
  0x000000001a03f000 JavaThread "Cache worker for cache directory md-rule (C:\Users\user\.gradle\caches\6.1.1\md-rule)" [_thread_blocked, id=9104, stack(0x0000000020ae0000,0x0000000020be0000)]
  0x000000001a03b000 JavaThread "Cache worker for cache directory md-supplier (C:\Users\user\.gradle\caches\6.1.1\md-supplier)" [_thread_blocked, id=6612, stack(0x00000000209e0000,0x0000000020ae0000)]
  0x000000001a03d000 JavaThread "Cache worker for file hash cache (C:\Users\user\AndroidStudioProjects\Bounds\.gradle\6.1.1\fileHashes)" [_thread_blocked, id=10956, stack(0x00000000208e0000,0x00000000209e0000)]
  0x000000001a03a800 JavaThread "Cache worker for checksums cache (C:\Users\user\AndroidStudioProjects\Bounds\.gradle\checksums)" [_thread_blocked, id=17248, stack(0x000000001f7f0000,0x000000001f8f0000)]
  0x000000001a033000 JavaThread "Thread-110" [_thread_blocked, id=10852, stack(0x000000001f3f0000,0x000000001f4f0000)]
  0x000000001a032000 JavaThread "Stdin handler" [_thread_blocked, id=14008, stack(0x000000001f2f0000,0x000000001f3f0000)]
  0x000000001a039000 JavaThread "Asynchronous log dispatcher for DefaultDaemonConnection: socket connection from /127.0.0.1:60773 to /127.0.0.1:60921" [_thread_blocked, id=2404, stack(0x000000001c950000,0x000000001ca50000)]
  0x000000001a031800 JavaThread "Cancel handler" [_thread_blocked, id=16808, stack(0x000000001c550000,0x000000001c650000)]
  0x000000001a036000 JavaThread "Handler for socket connection from /127.0.0.1:60773 to /127.0.0.1:60921" [_thread_in_native, id=3160, stack(0x000000001c250000,0x000000001c350000)]
  0x000000001b51a800 JavaThread "RMI TCP Connection(9)-127.0.0.1" daemon [_thread_in_native, id=6156, stack(0x000000002c680000,0x000000002c780000)]
  0x000000001b519000 JavaThread "RMI TCP Connection(idle)" daemon [_thread_blocked, id=8912, stack(0x000000002c580000,0x000000002c680000)]
  0x000000001a036800 JavaThread "Cache worker for Java compile cache (C:\Users\user\.gradle\caches\6.1.1\javaCompile)" [_thread_blocked, id=5188, stack(0x000000002a900000,0x000000002aa00000)]
  0x000000001a037800 JavaThread "RMI TCP Connection(8)-127.0.0.1" daemon [_thread_in_native, id=10192, stack(0x000000002a800000,0x000000002a900000)]
  0x000000001b525000 JavaThread "RMI Reaper" [_thread_blocked, id=7764, stack(0x0000000029290000,0x0000000029390000)]
  0x00000000207fd800 JavaThread "RMI TCP Accept-0" daemon [_thread_in_native, id=11548, stack(0x0000000029190000,0x0000000029290000)]
  0x00000000207fb000 JavaThread "GC Daemon" daemon [_thread_blocked, id=2204, stack(0x000000002aeb0000,0x000000002afb0000)]
  0x00000000207fc000 JavaThread "RMI Scheduler(0)" daemon [_thread_blocked, id=8272, stack(0x000000002acb0000,0x000000002adb0000)]
  0x000000001b522000 JavaThread "Cache worker for file content cache (C:\Users\user\.gradle\caches\6.1.1\fileContent)" [_thread_blocked, id=11368, stack(0x0000000023ef0000,0x0000000023ff0000)]
  0x000000001b51e800 JavaThread "Memory manager" [_thread_blocked, id=11464, stack(0x0000000023df0000,0x0000000023ef0000)]
  0x000000001ae08800 JavaThread "Cache worker for execution history cache (C:\Users\user\.gradle\caches\6.1.1\executionHistory)" [_thread_blocked, id=17376, stack(0x000000001f4f0000,0x000000001f5f0000)]
  0x000000001ae07000 JavaThread "Cache worker for file hash cache (C:\Users\user\.gradle\caches\6.1.1\fileHashes)" [_thread_blocked, id=17360, stack(0x000000001ce50000,0x000000001cf50000)]
  0x000000001ae03800 JavaThread "File lock request listener" [_thread_in_native, id=9584, stack(0x000000001cd50000,0x000000001ce50000)]
  0x0000000019359800 JavaThread "Cache worker for journal cache (C:\Users\user\.gradle\caches\journal-1)" [_thread_blocked, id=17200, stack(0x000000001cc50000,0x000000001cd50000)]
  0x000000001ad01800 JavaThread "Daemon worker" [_thread_in_vm, id=15000, stack(0x000000001c650000,0x000000001c750000)]
  0x000000001ad22800 JavaThread "Daemon" [_thread_blocked, id=11580, stack(0x000000001c150000,0x000000001c250000)]
  0x000000001ad17000 JavaThread "Daemon periodic checks" [_thread_blocked, id=15580, stack(0x000000001c050000,0x000000001c150000)]
  0x000000001ac9f800 JavaThread "Incoming local TCP Connector on port 60773" [_thread_in_native, id=14340, stack(0x00000000190e0000,0x00000000191e0000)]
  0x000000001abef800 JavaThread "Daemon health stats" [_thread_blocked, id=16156, stack(0x0000000018fe0000,0x00000000190e0000)]
  0x0000000018a08800 JavaThread "Service Thread" daemon [_thread_blocked, id=7152, stack(0x0000000018de0000,0x0000000018ee0000)]
  0x0000000017082800 JavaThread "C1 CompilerThread2" daemon [_thread_blocked, id=12716, stack(0x00000000188e0000,0x00000000189e0000)]
  0x000000001707b000 JavaThread "C2 CompilerThread1" daemon [_thread_blocked, id=13528, stack(0x00000000187e0000,0x00000000188e0000)]
=>0x0000000017075800 JavaThread "C2 CompilerThread0" daemon [_thread_in_native, id=17084, stack(0x00000000186e0000,0x00000000187e0000)]
  0x0000000017073800 JavaThread "Attach Listener" daemon [_thread_blocked, id=9316, stack(0x00000000185e0000,0x00000000186e0000)]
  0x0000000017072000 JavaThread "Signal Dispatcher" daemon [_thread_blocked, id=8816, stack(0x00000000184e0000,0x00000000185e0000)]
  0x000000000244c800 JavaThread "Finalizer" daemon [_thread_blocked, id=14472, stack(0x00000000182e0000,0x00000000183e0000)]
  0x0000000017059000 JavaThread "Reference Handler" daemon [_thread_blocked, id=4020, stack(0x00000000181e0000,0x00000000182e0000)]
  0x000000000234d800 JavaThread "main" [_thread_blocked, id=8520, stack(0x00000000021a0000,0x00000000022a0000)]

Other Threads:
  0x0000000017037800 VMThread [stack: 0x00000000180e0000,0x00000000181e0000] [id=16468]
  0x00000000170ce800 WatcherThread [stack: 0x0000000018ee0000,0x0000000018fe0000] [id=16152]

VM state:not at safepoint (normal execution)

VM Mutex/Monitor currently owned by a thread: None

OutOfMemory and StackOverflow Exception counts:
OutOfMemoryError java_heap_errors=1

heap address: 0x0000000080000000, size: 2048 MB, Compressed Oops mode: 32-bit
Narrow klass base: 0x0000000000000000, Narrow klass shift: 3
Compressed class space size: 1073741824 Address: 0x0000000100000000

Heap:
 PSYoungGen      total 462336K, used 71979K [0x00000000d5580000, 0x00000000f7d80000, 0x0000000100000000)
  eden space 427008K, 15% used [0x00000000d5580000,0x00000000d947cbe0,0x00000000ef680000)
  from space 35328K, 21% used [0x00000000ef680000,0x00000000efdce120,0x00000000f1900000)
  to   space 34816K, 0% used [0x00000000f5b80000,0x00000000f5b80000,0x00000000f7d80000)
 ParOldGen       total 129536K, used 73139K [0x0000000080000000, 0x0000000087e80000, 0x00000000d5580000)
  object space 129536K, 56% used [0x0000000080000000,0x000000008476ccb0,0x0000000087e80000)
 Metaspace       used 98860K, capacity 103992K, committed 104216K, reserved 1140736K
  class space    used 12930K, capacity 13861K, committed 13872K, reserved 1048576K

Card table byte_map: [0x0000000011810000,0x0000000011c20000] byte_map_base: 0x0000000011410000

Marking Bits: (ParMarkBitMap*) 0x000000005877f030
 Begin Bits: [0x00000000122d0000, 0x00000000142d0000)
 End Bits:   [0x00000000142d0000, 0x00000000162d0000)

Polling page: 0x0000000002100000

CodeCache: size=245760Kb used=54926Kb max_used=54940Kb free=190833Kb
 bounds [0x0000000002450000, 0x0000000005a40000, 0x0000000011450000]
 total_blobs=17350 nmethods=16440 adapters=819
 compilation: enabled

Compilation events (10 events):
Event: 249.930 Thread 0x000000001707b000 19737       4       com.android.tools.r8.s.a.a.a.J::test (8 bytes)
Event: 249.931 Thread 0x000000001707b000 nmethod 19737 0x00000000036cd5d0 code [0x00000000036cd720, 0x00000000036cd7b8]
Event: 249.931 Thread 0x000000001707b000 19740       4       com.android.tools.r8.code.U0::hashCode (63 bytes)
Event: 249.933 Thread 0x000000001707b000 nmethod 19740 0x0000000004cc6310 code [0x0000000004cc6460, 0x0000000004cc65c8]
Event: 249.933 Thread 0x000000001707b000 19763       4       com.android.tools.r8.s.a.a.b.O::b (36 bytes)
Event: 249.938 Thread 0x000000001707b000 nmethod 19763 0x00000000059fea10 code [0x00000000059feb60, 0x00000000059fee88]
Event: 249.938 Thread 0x000000001707b000 19785       4       java.util.ArrayList$SubList$1::next (79 bytes)
Event: 249.939 Thread 0x000000001707b000 nmethod 19785 0x0000000005a0fc10 code [0x0000000005a0fd60, 0x0000000005a0fe98]
Event: 249.939 Thread 0x000000001707b000 19682       4       org.gradle.internal.fingerprint.impl.DefaultCurrentFileCollectionFingerprint::from (60 bytes)
Event: 249.964 Thread 0x000000001707b000 nmethod 19682 0x0000000005a157d0 code [0x0000000005a15a40, 0x0000000005a16970]

GC Heap History (10 events):
Event: 61.254 GC heap before
{Heap before GC invocations=27 (full 3):
 PSYoungGen      total 462336K, used 436022K [0x00000000d5580000, 0x00000000f4300000, 0x0000000100000000)
  eden space 421888K, 100% used [0x00000000d5580000,0x00000000ef180000,0x00000000ef180000)
  from space 40448K, 34% used [0x00000000ef180000,0x00000000eff4d800,0x00000000f1900000)
  to   space 42496K, 0% used [0x00000000f1900000,0x00000000f1900000,0x00000000f4280000)
 ParOldGen       total 129536K, used 106683K [0x0000000080000000, 0x0000000087e80000, 0x00000000d5580000)
  object space 129536K, 82% used [0x0000000080000000,0x000000008682ec18,0x0000000087e80000)
 Metaspace       used 88180K, capacity 92356K, committed 92568K, reserved 1128448K
  class space    used 11860K, capacity 12641K, committed 12720K, reserved 1048576K
Event: 61.287 GC heap after
Heap after GC invocations=27 (full 3):
 PSYoungGen      total 464384K, used 13168K [0x00000000d5580000, 0x00000000f4300000, 0x0000000100000000)
  eden space 421888K, 0% used [0x00000000d5580000,0x00000000d5580000,0x00000000ef180000)
  from space 42496K, 30% used [0x00000000f1900000,0x00000000f25dc280,0x00000000f4280000)
  to   space 40448K, 0% used [0x00000000ef180000,0x00000000ef180000,0x00000000f1900000)
 ParOldGen       total 129536K, used 107607K [0x0000000080000000, 0x0000000087e80000, 0x00000000d5580000)
  object space 129536K, 83% used [0x0000000080000000,0x0000000086915c70,0x0000000087e80000)
 Metaspace       used 88180K, capacity 92356K, committed 92568K, reserved 1128448K
  class space    used 11860K, capacity 12641K, committed 12720K, reserved 1048576K
}
Event: 63.620 GC heap before
{Heap before GC invocations=28 (full 3):
 PSYoungGen      total 464384K, used 435056K [0x00000000d5580000, 0x00000000f4300000, 0x0000000100000000)
  eden space 421888K, 100% used [0x00000000d5580000,0x00000000ef180000,0x00000000ef180000)
  from space 42496K, 30% used [0x00000000f1900000,0x00000000f25dc280,0x00000000f4280000)
  to   space 40448K, 0% used [0x00000000ef180000,0x00000000ef180000,0x00000000f1900000)
 ParOldGen       total 129536K, used 107607K [0x0000000080000000, 0x0000000087e80000, 0x00000000d5580000)
  object space 129536K, 83% used [0x0000000080000000,0x0000000086915c70,0x0000000087e80000)
 Metaspace       used 89115K, capacity 93386K, committed 93720K, reserved 1130496K
  class space    used 11967K, capacity 12756K, committed 12848K, reserved 1048576K
Event: 63.656 GC heap after
Heap after GC invocations=28 (full 3):
 PSYoungGen      total 462336K, used 5399K [0x00000000d5580000, 0x00000000f4300000, 0x0000000100000000)
  eden space 421888K, 0% used [0x00000000d5580000,0x00000000d5580000,0x00000000ef180000)
  from space 40448K, 13% used [0x00000000ef180000,0x00000000ef6c5f98,0x00000000f1900000)
  to   space 42496K, 0% used [0x00000000f1900000,0x00000000f1900000,0x00000000f4280000)
 ParOldGen       total 129536K, used 117158K [0x0000000080000000, 0x0000000087e80000, 0x00000000d5580000)
  object space 129536K, 90% used [0x0000000080000000,0x0000000087269910,0x0000000087e80000)
 Metaspace       used 89115K, capacity 93386K, committed 93720K, reserved 1130496K
  class space    used 11967K, capacity 12756K, committed 12848K, reserved 1048576K
}
Event: 63.657 GC heap before
{Heap before GC invocations=29 (full 4):
 PSYoungGen      total 462336K, used 5399K [0x00000000d5580000, 0x00000000f4300000, 0x0000000100000000)
  eden space 421888K, 0% used [0x00000000d5580000,0x00000000d5580000,0x00000000ef180000)
  from space 40448K, 13% used [0x00000000ef180000,0x00000000ef6c5f98,0x00000000f1900000)
  to   space 42496K, 0% used [0x00000000f1900000,0x00000000f1900000,0x00000000f4280000)
 ParOldGen       total 129536K, used 117158K [0x0000000080000000, 0x0000000087e80000, 0x00000000d5580000)
  object space 129536K, 90% used [0x0000000080000000,0x0000000087269910,0x0000000087e80000)
 Metaspace       used 89115K, capacity 93386K, committed 93720K, reserved 1130496K
  class space    used 11967K, capacity 12756K, committed 12848K, reserved 1048576K
Event: 64.026 GC heap after
Heap after GC invocations=29 (full 4):
 PSYoungGen      total 462336K, used 0K [0x00000000d5580000, 0x00000000f4300000, 0x0000000100000000)
  eden space 421888K, 0% used [0x00000000d5580000,0x00000000d5580000,0x00000000ef180000)
  from space 40448K, 0% used [0x00000000ef180000,0x00000000ef180000,0x00000000f1900000)
  to   space 42496K, 0% used [0x00000000f1900000,0x00000000f1900000,0x00000000f4280000)
 ParOldGen       total 129536K, used 68469K [0x0000000080000000, 0x0000000087e80000, 0x00000000d5580000)
  object space 129536K, 52% used [0x0000000080000000,0x00000000842dd4a8,0x0000000087e80000)
 Metaspace       used 88893K, capacity 92756K, committed 93720K, reserved 1130496K
  class space    used 11892K, capacity 12625K, committed 12848K, reserved 1048576K
}
Event: 73.728 GC heap before
{Heap before GC invocations=30 (full 4):
 PSYoungGen      total 462336K, used 421888K [0x00000000d5580000, 0x00000000f4300000, 0x0000000100000000)
  eden space 421888K, 100% used [0x00000000d5580000,0x00000000ef180000,0x00000000ef180000)
  from space 40448K, 0% used [0x00000000ef180000,0x00000000ef180000,0x00000000f1900000)
  to   space 42496K, 0% used [0x00000000f1900000,0x00000000f1900000,0x00000000f4280000)
 ParOldGen       total 129536K, used 68469K [0x0000000080000000, 0x0000000087e80000, 0x00000000d5580000)
  object space 129536K, 52% used [0x0000000080000000,0x00000000842dd4a8,0x0000000087e80000)
 Metaspace       used 96485K, capacity 100950K, committed 101272K, reserved 1136640K
  class space    used 12814K, capacity 13664K, committed 13744K, reserved 1048576K
Event: 73.745 GC heap after
Heap after GC invocations=30 (full 4):
 PSYoungGen      total 469504K, used 14112K [0x00000000d5580000, 0x00000000f8180000, 0x0000000100000000)
  eden space 427008K, 0% used [0x00000000d5580000,0x00000000d5580000,0x00000000ef680000)
  from space 42496K, 33% used [0x00000000f1900000,0x00000000f26c8130,0x00000000f4280000)
  to   space 35328K, 0% used [0x00000000ef680000,0x00000000ef680000,0x00000000f1900000)
 ParOldGen       total 129536K, used 68477K [0x0000000080000000, 0x0000000087e80000, 0x00000000d5580000)
  object space 129536K, 52% used [0x0000000080000000,0x00000000842df4a8,0x0000000087e80000)
 Metaspace       used 96485K, capacity 100950K, committed 101272K, reserved 1136640K
  class space    used 12814K, capacity 13664K, committed 13744K, reserved 1048576K
}
Event: 247.664 GC heap before
{Heap before GC invocations=31 (full 4):
 PSYoungGen      total 469504K, used 441120K [0x00000000d5580000, 0x00000000f8180000, 0x0000000100000000)
  eden space 427008K, 100% used [0x00000000d5580000,0x00000000ef680000,0x00000000ef680000)
  from space 42496K, 33% used [0x00000000f1900000,0x00000000f26c8130,0x00000000f4280000)
  to   space 35328K, 0% used [0x00000000ef680000,0x00000000ef680000,0x00000000f1900000)
 ParOldGen       total 129536K, used 68477K [0x0000000080000000, 0x0000000087e80000, 0x00000000d5580000)
  object space 129536K, 52% used [0x0000000080000000,0x00000000842df4a8,0x0000000087e80000)
 Metaspace       used 98763K, capacity 103850K, committed 103960K, reserved 1138688K
  class space    used 12924K, capacity 13860K, committed 13872K, reserved 1048576K
Event: 247.683 GC heap after
Heap after GC invocations=31 (full 4):
 PSYoungGen      total 462336K, used 7480K [0x00000000d5580000, 0x00000000f7d80000, 0x0000000100000000)
  eden space 427008K, 0% used [0x00000000d5580000,0x00000000d5580000,0x00000000ef680000)
  from space 35328K, 21% used [0x00000000ef680000,0x00000000efdce120,0x00000000f1900000)
  to   space 34816K, 0% used [0x00000000f5b80000,0x00000000f5b80000,0x00000000f7d80000)
 ParOldGen       total 129536K, used 73139K [0x0000000080000000, 0x0000000087e80000, 0x00000000d5580000)
  object space 129536K, 56% used [0x0000000080000000,0x000000008476ccb0,0x0000000087e80000)
 Metaspace       used 98763K, capacity 103850K, committed 103960K, reserved 1138688K
  class space    used 12924K, capacity 13860K, committed 13872K, reserved 1048576K
}

Deoptimization events (10 events):
Event: 175.838 Thread 0x000000001a03f000 Uncommon trap: reason=unstable_if action=reinterpret pc=0x0000000004ae5c94 method=com.android.tools.r8.v.a.a.a.f.K$e.hasNext()Z @ 4
Event: 211.896 Thread 0x000000001ad01800 Uncommon trap: reason=null_check action=make_not_entrant pc=0x00000000056029f0 method=org.gradle.api.internal.collections.CollectionFilter.filter(Ljava/lang/Object;)Ljava/lang/Object; @ 5
Event: 212.838 Thread 0x000000001ad01800 Uncommon trap: reason=class_check action=maybe_recompile pc=0x00000000051715d0 method=org.gradle.internal.snapshot.SnapshotUtil.getMetadataFromChildren(Ljava/util/List;Lorg/gradle/internal/snapshot/VfsRelativePath;Lorg/gradle/internal/snapshot/CaseSensiti
Event: 214.045 Thread 0x000000001b519000 Uncommon trap: reason=class_check action=maybe_recompile pc=0x00000000033ce630 method=java.lang.ThreadLocal.set(Ljava/lang/Object;)V @ 26
Event: 214.049 Thread 0x000000001b51a800 Uncommon trap: reason=class_check action=maybe_recompile pc=0x00000000033ce630 method=java.lang.ThreadLocal.set(Ljava/lang/Object;)V @ 26
Event: 247.838 Thread 0x00000000207f9800 Uncommon trap: reason=unstable_if action=reinterpret pc=0x0000000003b2154c method=com.google.common.collect.MapMakerInternalMap$Segment.put(Ljava/lang/Object;ILjava/lang/Object;Z)Ljava/lang/Object; @ 92
Event: 248.005 Thread 0x00000000207fa800 Uncommon trap: reason=unstable_if action=reinterpret pc=0x0000000003b1d0bc method=com.google.common.collect.MapMakerInternalMap$Segment.put(Ljava/lang/Object;ILjava/lang/Object;Z)Ljava/lang/Object; @ 92
Event: 248.057 Thread 0x00000000207f9800 Uncommon trap: reason=class_check action=maybe_recompile pc=0x00000000051715d0 method=org.gradle.internal.snapshot.SnapshotUtil.getMetadataFromChildren(Ljava/util/List;Lorg/gradle/internal/snapshot/VfsRelativePath;Lorg/gradle/internal/snapshot/CaseSensiti
Event: 249.969 Thread 0x000000001b523000 Uncommon trap: reason=unstable_if action=reinterpret pc=0x000000000579154c method=org.gradle.internal.operations.DefaultBuildOperationExecutor$3.stop()V @ 61
Event: 249.970 Thread 0x000000001ad01800 Uncommon trap: reason=class_check action=maybe_recompile pc=0x0000000002a18c00 method=java.lang.Throwable.<init>(Ljava/lang/String;Ljava/lang/Throwable;)V @ 24

Classes redefined (0 events):
No events

Internal exceptions (10 events):
Event: 249.334 Thread 0x00000000207f9800 Exception <a 'sun/nio/fs/WindowsException'> (0x00000000d778abc8) thrown at [C:\src\AOSP-openjdk-git\hotspot\src\share\vm\prims\jni.cpp, line 710]
Event: 249.334 Thread 0x00000000207f9800 Exception <a 'sun/nio/fs/WindowsException'> (0x00000000d778b8f8) thrown at [C:\src\AOSP-openjdk-git\hotspot\src\share\vm\prims\jni.cpp, line 710]
Event: 249.335 Thread 0x00000000207f9800 Exception <a 'sun/nio/fs/WindowsException'> (0x00000000d778d708) thrown at [C:\src\AOSP-openjdk-git\hotspot\src\share\vm\prims\jni.cpp, line 710]
Event: 249.335 Thread 0x00000000207f9800 Exception <a 'sun/nio/fs/WindowsException'> (0x00000000d778e3d8) thrown at [C:\src\AOSP-openjdk-git\hotspot\src\share\vm\prims\jni.cpp, line 710]
Event: 249.335 Thread 0x00000000207f9800 Exception <a 'sun/nio/fs/WindowsException'> (0x00000000d778f118) thrown at [C:\src\AOSP-openjdk-git\hotspot\src\share\vm\prims\jni.cpp, line 710]
Event: 249.648 Thread 0x000000001b520000 Exception <a 'sun/nio/fs/WindowsException'> (0x00000000d83b5430) thrown at [C:\src\AOSP-openjdk-git\hotspot\src\share\vm\prims\jni.cpp, line 710]
Event: 249.662 Thread 0x000000001b520000 Exception <a 'sun/nio/fs/WindowsException'> (0x00000000d8510390) thrown at [C:\src\AOSP-openjdk-git\hotspot\src\share\vm\prims\jni.cpp, line 710]
Event: 249.714 Thread 0x000000001b520800 Exception <a 'sun/nio/fs/WindowsException'> (0x00000000d869b270) thrown at [C:\src\AOSP-openjdk-git\hotspot\src\share\vm\prims\jni.cpp, line 710]
Event: 249.820 Thread 0x000000001ae05800 Exception <a 'sun/nio/fs/WindowsException'> (0x00000000d91a1d80) thrown at [C:\src\AOSP-openjdk-git\hotspot\src\share\vm\prims\jni.cpp, line 710]
Event: 249.895 Thread 0x000000001ae06800 Exception <a 'java/lang/OutOfMemoryError'> (0x00000000d93c2db0) thrown at [C:\src\AOSP-openjdk-git\hotspot\src\share\vm\prims\unsafe.cpp, line 618]

Events (10 events):
Event: 249.970 loading class org/gradle/internal/exceptions/DefaultMultiCauseException$1
Event: 249.970 loading class org/gradle/internal/exceptions/DefaultMultiCauseException$1 done
Event: 249.971 loading class com/android/ide/common/workers/WorkerExecutorException$Companion
Event: 249.971 loading class com/android/ide/common/workers/WorkerExecutorException$Companion done
Event: 249.971 loading class org/gradle/tooling/BuildException
Event: 249.971 loading class org/gradle/tooling/BuildException done
Event: 249.971 loading class org/gradle/tooling/BuildException
Event: 249.971 loading class org/gradle/tooling/BuildException done
Event: 249.972 loading class org/gradle/tooling/GradleConnectionException
Event: 249.972 loading class org/gradle/tooling/GradleConnectionException done


Dynamic libraries:
0x00007ff681890000 - 0x00007ff6818c1000 	C:\Program Files\Android\Android Studio\jre\bin\java.exe
0x00007ff9a6400000 - 0x00007ff9a65f0000 	C:\WINDOWS\SYSTEM32\ntdll.dll
0x00007ff99c290000 - 0x00007ff99c2a3000 	C:\Program Files\AVAST Software\Avast\aswhook.dll
0x00007ff9a46c0000 - 0x00007ff9a4772000 	C:\WINDOWS\System32\KERNEL32.DLL
0x00007ff9a4200000 - 0x00007ff9a44a4000 	C:\WINDOWS\System32\KERNELBASE.dll
0x00007ff9a54c0000 - 0x00007ff9a5563000 	C:\WINDOWS\System32\ADVAPI32.dll
0x00007ff9a4d30000 - 0x00007ff9a4dce000 	C:\WINDOWS\System32\msvcrt.dll
0x00007ff9a6320000 - 0x00007ff9a63b7000 	C:\WINDOWS\System32\sechost.dll
0x00007ff9a5730000 - 0x00007ff9a5850000 	C:\WINDOWS\System32\RPCRT4.dll
0x00007ff9a5ee0000 - 0x00007ff9a6074000 	C:\WINDOWS\System32\USER32.dll
0x00007ff9a44e0000 - 0x00007ff9a4501000 	C:\WINDOWS\System32\win32u.dll
0x00007ff9a5570000 - 0x00007ff9a5596000 	C:\WINDOWS\System32\GDI32.dll
0x00007ff9a4060000 - 0x00007ff9a41f5000 	C:\WINDOWS\System32\gdi32full.dll
0x00007ff9a3840000 - 0x00007ff9a38de000 	C:\WINDOWS\System32\msvcp_win.dll
0x00007ff9a3670000 - 0x00007ff9a376a000 	C:\WINDOWS\System32\ucrtbase.dll
0x00007ff9a24a0000 - 0x00007ff9a2724000 	C:\WINDOWS\WinSxS\amd64_microsoft.windows.common-controls_6595b64144ccf1df_6.0.18362.900_none_e6beb9d913147d17\COMCTL32.dll
0x00007ff9a5b40000 - 0x00007ff9a5e75000 	C:\WINDOWS\System32\combase.dll
0x00007ff9a3450000 - 0x00007ff9a34d0000 	C:\WINDOWS\System32\bcryptPrimitives.dll
0x00007ff9a4cb0000 - 0x00007ff9a4cde000 	C:\WINDOWS\System32\IMM32.DLL
0x00000000596b0000 - 0x0000000059782000 	C:\Program Files\Android\Android Studio\jre\jre\bin\msvcr100.dll
0x0000000057fb0000 - 0x00000000587fb000 	C:\Program Files\Android\Android Studio\jre\jre\bin\server\jvm.dll
0x00007ff9a4780000 - 0x00007ff9a4788000 	C:\WINDOWS\System32\PSAPI.DLL
0x00007ff993070000 - 0x00007ff993079000 	C:\WINDOWS\SYSTEM32\WSOCK32.dll
0x00007ff9a5850000 - 0x00007ff9a58bf000 	C:\WINDOWS\System32\WS2_32.dll
0x00007ff9a0e40000 - 0x00007ff9a0e64000 	C:\WINDOWS\SYSTEM32\WINMM.dll
0x00007ff9a1c80000 - 0x00007ff9a1c8a000 	C:\WINDOWS\SYSTEM32\VERSION.dll
0x00007ff9a0e10000 - 0x00007ff9a0e3d000 	C:\WINDOWS\SYSTEM32\WINMMBASE.dll
0x00007ff9a34d0000 - 0x00007ff9a351a000 	C:\WINDOWS\System32\cfgmgr32.dll
0x00007ff99f320000 - 0x00007ff99f32f000 	C:\Program Files\Android\Android Studio\jre\jre\bin\verify.dll
0x00007ff993f50000 - 0x00007ff993f79000 	C:\Program Files\Android\Android Studio\jre\jre\bin\java.dll
0x00007ff994d30000 - 0x00007ff994d46000 	C:\Program Files\Android\Android Studio\jre\jre\bin\zip.dll
0x00007ff9a4dd0000 - 0x00007ff9a54b6000 	C:\WINDOWS\System32\SHELL32.dll
0x00007ff9a5620000 - 0x00007ff9a56c9000 	C:\WINDOWS\System32\shcore.dll
0x00007ff9a38e0000 - 0x00007ff9a4060000 	C:\WINDOWS\System32\windows.storage.dll
0x00007ff9a3370000 - 0x00007ff9a3393000 	C:\WINDOWS\System32\profapi.dll
0x00007ff9a33a0000 - 0x00007ff9a33ea000 	C:\WINDOWS\System32\powrprof.dll
0x00007ff9a3320000 - 0x00007ff9a3330000 	C:\WINDOWS\System32\UMPDC.dll
0x00007ff9a56d0000 - 0x00007ff9a5722000 	C:\WINDOWS\System32\shlwapi.dll
0x00007ff9a3330000 - 0x00007ff9a3341000 	C:\WINDOWS\System32\kernel.appcore.dll
0x00007ff9a3820000 - 0x00007ff9a3837000 	C:\WINDOWS\System32\cryptsp.dll
0x00007ff991b40000 - 0x00007ff991b5a000 	C:\Program Files\Android\Android Studio\jre\jre\bin\net.dll
0x00007ff9a27c0000 - 0x00007ff9a2827000 	C:\WINDOWS\system32\mswsock.dll
0x00007ff98ecf0000 - 0x00007ff98ed03000 	C:\Program Files\Android\Android Studio\jre\jre\bin\nio.dll
0x00007ff993e80000 - 0x00007ff993ea6000 	C:\Users\user\.gradle\native\31\windows-amd64\native-platform.dll
0x00007ff998fc0000 - 0x00007ff998fcd000 	C:\Program Files\Android\Android Studio\jre\jre\bin\management.dll
0x00007ff9a2080000 - 0x00007ff9a20b3000 	C:\WINDOWS\system32\rsaenh.dll
0x00007ff9a44b0000 - 0x00007ff9a44d6000 	C:\WINDOWS\System32\bcrypt.dll
0x00007ff9a3210000 - 0x00007ff9a3235000 	C:\WINDOWS\SYSTEM32\USERENV.dll
0x00007ff9a2990000 - 0x00007ff9a299c000 	C:\WINDOWS\SYSTEM32\CRYPTBASE.dll
0x00007ff9a2240000 - 0x00007ff9a227a000 	C:\WINDOWS\SYSTEM32\IPHLPAPI.DLL
0x00007ff9a4d20000 - 0x00007ff9a4d28000 	C:\WINDOWS\System32\NSI.dll
0x00007ff997a00000 - 0x00007ff997a16000 	C:\WINDOWS\SYSTEM32\dhcpcsvc6.DLL
0x00007ff999db0000 - 0x00007ff999dcc000 	C:\WINDOWS\SYSTEM32\dhcpcsvc.DLL
0x00007ff9a2280000 - 0x00007ff9a234b000 	C:\WINDOWS\SYSTEM32\DNSAPI.dll

VM Arguments:
jvm_args: -Xmx2048m -Dfile.encoding=windows-1252 -Duser.country=US -Duser.language=en -Duser.variant 
java_command: org.gradle.launcher.daemon.bootstrap.GradleDaemon 6.1.1
java_class_path (initial): C:\Users\user\.gradle\wrapper\dists\gradle-6.1.1-all\cfmwm155h49vnt3hynmlrsdst\gradle-6.1.1\lib\gradle-launcher-6.1.1.jar
Launcher Type: SUN_STANDARD

Environment Variables:
PATH=C:\Program Files (x86)\NVIDIA Corporation\PhysX\Common;C:\Program Files (x86)\Common Files\Oracle\Java\javapath;C:\WINDOWS\system32;C:\WINDOWS;C:\WINDOWS\System32\Wbem;C:\WINDOWS\System32\WindowsPowerShell\v1.0\;C:\Program Files\Git\cmd;C:\Program Files (x86)\Intel\OpenCL SDK\2.0\bin\x86;C:\Program Files (x86)\Intel\OpenCL SDK\2.0\bin\x64;C:\WINDOWS\System32\OpenSSH\;C:\Program Files\Dart\dart-sdk\bin;C:\Users\user\AppData\Local\Microsoft\WindowsApps;
USERNAME=Noel
OS=Windows_NT
PROCESSOR_IDENTIFIER=Intel64 Family 6 Model 42 Stepping 7, GenuineIntel



---------------  S Y S T E M  ---------------

OS: Windows 10.0 , 64 bit Build 18362 (10.0.18362.900)

CPU:total 4 (initial active 4) (2 cores per cpu, 2 threads per core) family 6 model 42 stepping 7, cmov, cx8, fxsr, mmx, sse, sse2, sse3, ssse3, sse4.1, sse4.2, popcnt, avx, aes, clmul, ht, tsc, tscinvbit

Memory: 4k page, physical 8296812k(663988k free), swap 10250604k(3400k free)

vm_info: OpenJDK 64-Bit Server VM (25.242-b01) for windows-amd64 JRE (1.8.0_242-release-1644-b01), built by "builder" with MS VC++ 10.0 (VS2010)

time: Fri Jun 26 15:43:10 2020
timezone: W. Central Africa Standard Time
elapsed time: 250 seconds (0d 0h 4m 10s)

