#
# There is insufficient memory for the Java Runtime Environment to continue.
# Native memory allocation (malloc) failed to allocate 2226896 bytes for Chunk::new
# Possible reasons:
#   The system is out of physical RAM or swap space
#   The process is running with CompressedOops enabled, and the Java Heap may be blocking the growth of the native heap
# Possible solutions:
#   Reduce memory load on the system
#   Increase physical memory or swap space
#   Check if swap backing store is full
#   Decrease Java heap size (-Xmx/-Xms)
#   Decrease number of Java threads
#   Decrease Java thread stack sizes (-Xss)
#   Set larger code cache with -XX:ReservedCodeCacheSize=
#   JVM is running with Unscaled Compressed Oops mode in which the Java heap is
#     placed in the first 4GB address space. The Java Heap base address is the
#     maximum limit for the native heap growth. Please use -XX:HeapBaseMinAddress
#     to set the Java Heap base and to place the Java Heap above 4GB virtual address.
# This output file may be truncated or incomplete.
#
#  Out of Memory Error (allocation.cpp:389), pid=8524, tid=0x0000000000000a0c
#
# JRE version: OpenJDK Runtime Environment (8.0_242-b01) (build 1.8.0_242-release-1644-b01)
# Java VM: OpenJDK 64-Bit Server VM (25.242-b01 mixed mode windows-amd64 compressed oops)
# Failed to write core dump. Minidumps are not enabled by default on client versions of Windows
#

---------------  T H R E A D  ---------------

Current thread (0x0000000017814800):  JavaThread "C2 CompilerThread0" daemon [_thread_in_native, id=2572, stack(0x0000000018e70000,0x0000000018f70000)]

Stack: [0x0000000018e70000,0x0000000018f70000]
[error occurred during error reporting (printing stack bounds), id 0xc0000005]

Native frames: (J=compiled Java code, j=interpreted, Vv=VM code, C=native code)


Current CompileTask:
C2:5251893 25063       4       com.android.tools.r8.ir.conversion.N::a (3075 bytes)


---------------  P R O C E S S  ---------------

Java Threads: ( => current thread )
  0x00000000229c7000 JavaThread "WorkerExecutor Queue Thread 7" [_thread_blocked, id=14020, stack(0x0000000029f80000,0x000000002a080000)]
  0x00000000229bf800 JavaThread "Cache worker for Java compile cache (C:\Users\user\AndroidStudioProjects\Bounds\.gradle\6.1.1\javaCompile)" [_thread_blocked, id=1280, stack(0x0000000025610000,0x0000000025710000)]
  0x00000000229bc000 JavaThread "RMI TCP Accept-0" daemon [_thread_in_native, id=3452, stack(0x000000001fb30000,0x000000001fc30000)]
  0x00000000229bf000 JavaThread "WorkerExecutor Queue Thread 6" [_thread_blocked, id=13024, stack(0x0000000029e80000,0x0000000029f80000)]
  0x000000001b45b000 JavaThread "WorkerExecutor Queue Thread 5" [_thread_in_native, id=4200, stack(0x0000000029c80000,0x0000000029d80000)]
  0x000000001f38e800 JavaThread "WorkerExecutor Queue Thread 2" [_thread_blocked, id=12040, stack(0x0000000029d80000,0x0000000029e80000)]
  0x000000001d828000 JavaThread "stdout" [_thread_in_native, id=596, stack(0x0000000029b80000,0x0000000029c80000)]
  0x000000001d827000 JavaThread "stderr" [_thread_in_native, id=17392, stack(0x0000000029a80000,0x0000000029b80000)]
  0x0000000022799800 JavaThread "stdout" [_thread_in_native, id=6344, stack(0x0000000029980000,0x0000000029a80000)]
  0x0000000022791000 JavaThread "stderr" [_thread_in_native, id=9240, stack(0x0000000029880000,0x0000000029980000)]
  0x0000000022790800 JavaThread "stdout" [_thread_in_native, id=2204, stack(0x0000000029780000,0x0000000029880000)]
  0x000000002278d800 JavaThread "stderr" [_thread_in_native, id=6756, stack(0x0000000029680000,0x0000000029780000)]
  0x0000000022794000 JavaThread "pool-9-thread-1" [_thread_blocked, id=13412, stack(0x0000000029580000,0x0000000029680000)]
  0x000000002278c800 JavaThread "Cache worker for execution history cache (C:\Users\user\AndroidStudioProjects\Bounds\.gradle\6.1.1\executionHistory)" [_thread_blocked, id=10840, stack(0x0000000028880000,0x0000000028980000)]
  0x0000000022792800 JavaThread "Execution worker for ':' Thread 3" [_thread_in_native, id=16604, stack(0x0000000027d80000,0x0000000027e80000)]
  0x0000000022793800 JavaThread "Execution worker for ':' Thread 2" [_thread_in_Java, id=4260, stack(0x0000000027b80000,0x0000000027c80000)]
  0x000000002278e000 JavaThread "Execution worker for ':'" [_thread_in_native, id=9780, stack(0x0000000027380000,0x0000000027480000)]
  0x0000000020192800 JavaThread "Cache worker for file content cache (C:\Users\user\AndroidStudioProjects\Bounds\.gradle\6.1.1\fileContent)" [_thread_blocked, id=12692, stack(0x0000000026e80000,0x0000000026f80000)]
  0x0000000020198000 JavaThread "RMI TCP Connection(20)-127.0.0.1" daemon [_thread_in_native, id=11548, stack(0x0000000026b80000,0x0000000026c80000)]
  0x0000000020197000 JavaThread "Cache worker for Build Output Cleanup Cache (C:\Users\user\AndroidStudioProjects\Bounds\.gradle\buildOutputCleanup)" [_thread_blocked, id=12672, stack(0x0000000024b10000,0x0000000024c10000)]
  0x000000002018a800 JavaThread "Build operations Thread 4" [_thread_blocked, id=1472, stack(0x0000000023790000,0x0000000023890000)]
  0x0000000020191000 JavaThread "Build operations Thread 3" [_thread_blocked, id=10816, stack(0x0000000023290000,0x0000000023390000)]
  0x000000002018b000 JavaThread "Build operations Thread 2" [_thread_blocked, id=3704, stack(0x0000000023190000,0x0000000023290000)]
  0x0000000020189800 JavaThread "Build operations" [_thread_blocked, id=14248, stack(0x0000000023090000,0x0000000023190000)]
  0x0000000020190800 JavaThread "Cache worker for cache directory md-rule (C:\Users\user\.gradle\caches\6.1.1\md-rule)" [_thread_blocked, id=6760, stack(0x0000000021160000,0x0000000021260000)]
  0x000000002018f000 JavaThread "Cache worker for cache directory md-supplier (C:\Users\user\.gradle\caches\6.1.1\md-supplier)" [_thread_blocked, id=13028, stack(0x0000000021060000,0x0000000021160000)]
  0x000000002018d800 JavaThread "Cache worker for file hash cache (C:\Users\user\AndroidStudioProjects\Bounds\.gradle\6.1.1\fileHashes)" [_thread_blocked, id=14016, stack(0x0000000020f60000,0x0000000021060000)]
  0x000000002018c000 JavaThread "Cache worker for checksums cache (C:\Users\user\AndroidStudioProjects\Bounds\.gradle\checksums)" [_thread_blocked, id=12380, stack(0x0000000020d60000,0x0000000020e60000)]
  0x000000002018f800 JavaThread "Thread-94" [_thread_blocked, id=10020, stack(0x0000000020c60000,0x0000000020d60000)]
  0x000000001f38c000 JavaThread "Asynchronous log dispatcher for DefaultDaemonConnection: socket connection from /127.0.0.1:59425 to /127.0.0.1:60625" [_thread_blocked, id=11088, stack(0x000000001fa30000,0x000000001fb30000)]
  0x000000001f38f000 JavaThread "Daemon worker Thread 4" [_thread_blocked, id=15616, stack(0x000000001ce90000,0x000000001cf90000)]
  0x000000001f390800 JavaThread "Cancel handler" [_thread_blocked, id=940, stack(0x000000001cd90000,0x000000001ce90000)]
  0x000000001f38d800 JavaThread "Handler for socket connection from /127.0.0.1:59425 to /127.0.0.1:60625" [_thread_in_native, id=11684, stack(0x000000001c990000,0x000000001ca90000)]
  0x000000001f392000 JavaThread "Daemon Thread 4" [_thread_blocked, id=15560, stack(0x000000001c890000,0x000000001c990000)]
  0x0000000022792000 JavaThread "Cache worker for Java compile cache (C:\Users\user\.gradle\caches\6.1.1\javaCompile)" [_thread_blocked, id=7764, stack(0x0000000027c80000,0x0000000027d80000)]
  0x0000000022796000 JavaThread "RMI Reaper" [_thread_blocked, id=6824, stack(0x0000000027880000,0x0000000027980000)]
  0x0000000022799000 JavaThread "RMI TCP Accept-0" daemon [_thread_in_native, id=8272, stack(0x0000000027780000,0x0000000027880000)]
  0x0000000022798000 JavaThread "GC Daemon" daemon [_thread_blocked, id=120, stack(0x0000000027480000,0x0000000027580000)]
  0x0000000022795000 JavaThread "RMI Scheduler(0)" daemon [_thread_blocked, id=3564, stack(0x0000000027280000,0x0000000027380000)]
  0x000000001d82e000 JavaThread "Cache worker for file content cache (C:\Users\user\.gradle\caches\6.1.1\fileContent)" [_thread_blocked, id=9764, stack(0x0000000024a10000,0x0000000024b10000)]
  0x000000001d829800 JavaThread "Memory manager" [_thread_blocked, id=12344, stack(0x0000000024910000,0x0000000024a10000)]
  0x000000001b459800 JavaThread "Cache worker for execution history cache (C:\Users\user\.gradle\caches\6.1.1\executionHistory)" [_thread_blocked, id=14096, stack(0x0000000020e60000,0x0000000020f60000)]
  0x000000001b45a800 JavaThread "Cache worker for file hash cache (C:\Users\user\.gradle\caches\6.1.1\fileHashes)" [_thread_blocked, id=4900, stack(0x000000001d590000,0x000000001d690000)]
  0x000000001b45d800 JavaThread "File lock request listener" [_thread_in_native, id=15432, stack(0x000000001d490000,0x000000001d590000)]
  0x000000001b466000 JavaThread "Cache worker for journal cache (C:\Users\user\.gradle\caches\journal-1)" [_thread_blocked, id=15592, stack(0x000000001d390000,0x000000001d490000)]
  0x000000001b24c000 JavaThread "Daemon periodic checks" [_thread_blocked, id=1808, stack(0x000000001c790000,0x000000001c890000)]
  0x000000001b252800 JavaThread "Incoming local TCP Connector on port 59425" [_thread_in_native, id=9008, stack(0x000000001c550000,0x000000001c650000)]
  0x000000001928a800 JavaThread "Daemon health stats" [_thread_blocked, id=9400, stack(0x000000001bf10000,0x000000001c010000)]
  0x00000000191a1800 JavaThread "Service Thread" daemon [_thread_blocked, id=8448, stack(0x0000000019570000,0x0000000019670000)]
  0x0000000017828000 JavaThread "C1 CompilerThread2" daemon [_thread_blocked, id=16752, stack(0x0000000019070000,0x0000000019170000)]
  0x000000001781a800 JavaThread "C2 CompilerThread1" daemon [_thread_in_native, id=16484, stack(0x0000000018f70000,0x0000000019070000)]
=>0x0000000017814800 JavaThread "C2 CompilerThread0" daemon [_thread_in_native, id=2572, stack(0x0000000018e70000,0x0000000018f70000)]
  0x0000000017812000 JavaThread "Attach Listener" daemon [_thread_blocked, id=9592, stack(0x0000000018d70000,0x0000000018e70000)]
  0x0000000017811000 JavaThread "Signal Dispatcher" daemon [_thread_blocked, id=4716, stack(0x0000000018c70000,0x0000000018d70000)]
  0x0000000002beb000 JavaThread "Finalizer" daemon [_thread_blocked, id=11988, stack(0x0000000018a70000,0x0000000018b70000)]
  0x00000000177f9000 JavaThread "Reference Handler" daemon [_thread_blocked, id=1244, stack(0x0000000018970000,0x0000000018a70000)]
  0x000000000120d800 JavaThread "main" [_thread_blocked, id=16500, stack(0x00000000029f0000,0x0000000002af0000)]

Other Threads:
  0x00000000177d7800 VMThread [stack: 0x0000000018870000,0x0000000018970000] [id=12276]
  0x00000000191a2000 WatcherThread [stack: 0x0000000019670000,0x0000000019770000] [id=10424]

VM state:not at safepoint (normal execution)

VM Mutex/Monitor currently owned by a thread: None

heap address: 0x0000000080000000, size: 2048 MB, Compressed Oops mode: 32-bit
Narrow klass base: 0x0000000000000000, Narrow klass shift: 3
Compressed class space size: 1073741824 Address: 0x0000000100000000

Heap:
 PSYoungGen      total 450560K, used 63989K [0x00000000d5580000, 0x00000000f8280000, 0x0000000100000000)
  eden space 389120K, 8% used [0x00000000d5580000,0x00000000d753e828,0x00000000ed180000)
  from space 61440K, 51% used [0x00000000ed180000,0x00000000ef03ee70,0x00000000f0d80000)
  to   space 58368K, 0% used [0x00000000f4980000,0x00000000f4980000,0x00000000f8280000)
 ParOldGen       total 194048K, used 50978K [0x0000000080000000, 0x000000008bd80000, 0x00000000d5580000)
  object space 194048K, 26% used [0x0000000080000000,0x00000000831c8928,0x000000008bd80000)
 Metaspace       used 128336K, capacity 135261K, committed 135592K, reserved 1167360K
  class space    used 16940K, capacity 18239K, committed 18360K, reserved 1048576K

Card table byte_map: [0x0000000011fb0000,0x00000000123c0000] byte_map_base: 0x0000000011bb0000

Marking Bits: (ParMarkBitMap*) 0x000000005877f030
 Begin Bits: [0x0000000012a70000, 0x0000000014a70000)
 End Bits:   [0x0000000014a70000, 0x0000000016a70000)

Polling page: 0x0000000000bf0000

CodeCache: size=245760Kb used=72396Kb max_used=72396Kb free=173363Kb
 bounds [0x0000000002bf0000, 0x0000000007300000, 0x0000000011bf0000]
 total_blobs=21232 nmethods=20300 adapters=843
 compilation: enabled

Compilation events (10 events):
Event: 5251.723 Thread 0x0000000017828000 25094       2       java.util.stream.StreamSpliterators$AbstractWrappingSpliterator::init (29 bytes)
Event: 5251.724 Thread 0x0000000017828000 nmethod 25094 0x00000000072cc650 code [0x00000000072cc7c0, 0x00000000072cc9c8]
Event: 5251.724 Thread 0x0000000017828000 25095       2       com.android.tools.r8.graph.W::a (10 bytes)
Event: 5251.724 Thread 0x0000000017828000 nmethod 25095 0x00000000072cc290 code [0x00000000072cc3e0, 0x00000000072cc590]
Event: 5251.790 Thread 0x0000000017828000 25097       2       com.android.tools.r8.s.a.a.b.S0::listIterator (41 bytes)
Event: 5251.791 Thread 0x0000000017828000 nmethod 25097 0x00000000072cbbd0 code [0x00000000072cbd60, 0x00000000072cc098]
Event: 5251.791 Thread 0x0000000017828000 25098       2       com.android.tools.r8.graph.E$a::hashCode (21 bytes)
Event: 5251.791 Thread 0x0000000017828000 nmethod 25098 0x00000000072cb890 code [0x00000000072cb9e0, 0x00000000072cbb50]
Event: 5251.859 Thread 0x0000000017828000 25101       2       org.apache.commons.codec.binary.BaseNCodec::ensureBufferSize (32 bytes)
Event: 5251.860 Thread 0x0000000017828000 nmethod 25101 0x00000000072cb490 code [0x00000000072cb600, 0x00000000072cb7a8]

GC Heap History (10 events):
Event: 5226.649 GC heap before
{Heap before GC invocations=31 (full 4):
 PSYoungGen      total 364032K, used 349645K [0x00000000d5580000, 0x00000000efb80000, 0x0000000100000000)
  eden space 307200K, 100% used [0x00000000d5580000,0x00000000e8180000,0x00000000e8180000)
  from space 56832K, 74% used [0x00000000ebc00000,0x00000000ee573580,0x00000000ef380000)
  to   space 59904K, 0% used [0x00000000e8180000,0x00000000e8180000,0x00000000ebc00000)
 ParOldGen       total 194048K, used 50938K [0x0000000080000000, 0x000000008bd80000, 0x00000000d5580000)
  object space 194048K, 26% used [0x0000000080000000,0x00000000831be928,0x000000008bd80000)
 Metaspace       used 121841K, capacity 128365K, committed 128680K, reserved 1161216K
  class space    used 16092K, capacity 17286K, committed 17336K, reserved 1048576K
Event: 5226.692 GC heap after
Heap after GC invocations=31 (full 4):
 PSYoungGen      total 367104K, used 29959K [0x00000000d5580000, 0x00000000f1800000, 0x0000000100000000)
  eden space 307200K, 0% used [0x00000000d5580000,0x00000000d5580000,0x00000000e8180000)
  from space 59904K, 50% used [0x00000000e8180000,0x00000000e9ec1e30,0x00000000ebc00000)
  to   space 57344K, 0% used [0x00000000ee000000,0x00000000ee000000,0x00000000f1800000)
 ParOldGen       total 194048K, used 50946K [0x0000000080000000, 0x000000008bd80000, 0x00000000d5580000)
  object space 194048K, 26% used [0x0000000080000000,0x00000000831c0928,0x000000008bd80000)
 Metaspace       used 121841K, capacity 128365K, committed 128680K, reserved 1161216K
  class space    used 16092K, capacity 17286K, committed 17336K, reserved 1048576K
}
Event: 5240.488 GC heap before
{Heap before GC invocations=32 (full 4):
 PSYoungGen      total 367104K, used 337159K [0x00000000d5580000, 0x00000000f1800000, 0x0000000100000000)
  eden space 307200K, 100% used [0x00000000d5580000,0x00000000e8180000,0x00000000e8180000)
  from space 59904K, 50% used [0x00000000e8180000,0x00000000e9ec1e30,0x00000000ebc00000)
  to   space 57344K, 0% used [0x00000000ee000000,0x00000000ee000000,0x00000000f1800000)
 ParOldGen       total 194048K, used 50946K [0x0000000080000000, 0x000000008bd80000, 0x00000000d5580000)
  object space 194048K, 26% used [0x0000000080000000,0x00000000831c0928,0x000000008bd80000)
 Metaspace       used 127509K, capacity 134275K, committed 134312K, reserved 1165312K
  class space    used 16829K, capacity 18092K, committed 18104K, reserved 1048576K
Event: 5240.556 GC heap after
Heap after GC invocations=32 (full 4):
 PSYoungGen      total 395776K, used 35953K [0x00000000d5580000, 0x00000000f1400000, 0x0000000100000000)
  eden space 342528K, 0% used [0x00000000d5580000,0x00000000d5580000,0x00000000ea400000)
  from space 53248K, 67% used [0x00000000ee000000,0x00000000f031c6b8,0x00000000f1400000)
  to   space 57344K, 0% used [0x00000000ea400000,0x00000000ea400000,0x00000000edc00000)
 ParOldGen       total 194048K, used 50954K [0x0000000080000000, 0x000000008bd80000, 0x00000000d5580000)
  object space 194048K, 26% used [0x0000000080000000,0x00000000831c2928,0x000000008bd80000)
 Metaspace       used 127509K, capacity 134275K, committed 134312K, reserved 1165312K
  class space    used 16829K, capacity 18092K, committed 18104K, reserved 1048576K
}
Event: 5242.650 GC heap before
{Heap before GC invocations=33 (full 4):
 PSYoungGen      total 395776K, used 378481K [0x00000000d5580000, 0x00000000f1400000, 0x0000000100000000)
  eden space 342528K, 100% used [0x00000000d5580000,0x00000000ea400000,0x00000000ea400000)
  from space 53248K, 67% used [0x00000000ee000000,0x00000000f031c6b8,0x00000000f1400000)
  to   space 57344K, 0% used [0x00000000ea400000,0x00000000ea400000,0x00000000edc00000)
 ParOldGen       total 194048K, used 50954K [0x0000000080000000, 0x000000008bd80000, 0x00000000d5580000)
  object space 194048K, 26% used [0x0000000080000000,0x00000000831c2928,0x000000008bd80000)
 Metaspace       used 127961K, capacity 134857K, committed 134952K, reserved 1165312K
  class space    used 16883K, capacity 18169K, committed 18232K, reserved 1048576K
Event: 5242.715 GC heap after
Heap after GC invocations=33 (full 4):
 PSYoungGen      total 399872K, used 44238K [0x00000000d5580000, 0x00000000f4800000, 0x0000000100000000)
  eden space 342528K, 0% used [0x00000000d5580000,0x00000000d5580000,0x00000000ea400000)
  from space 57344K, 77% used [0x00000000ea400000,0x00000000ecf33a38,0x00000000edc00000)
  to   space 59904K, 0% used [0x00000000f0d80000,0x00000000f0d80000,0x00000000f4800000)
 ParOldGen       total 194048K, used 50962K [0x0000000080000000, 0x000000008bd80000, 0x00000000d5580000)
  object space 194048K, 26% used [0x0000000080000000,0x00000000831c4928,0x000000008bd80000)
 Metaspace       used 127961K, capacity 134857K, committed 134952K, reserved 1165312K
  class space    used 16883K, capacity 18169K, committed 18232K, reserved 1048576K
}
Event: 5245.082 GC heap before
{Heap before GC invocations=34 (full 4):
 PSYoungGen      total 399872K, used 386766K [0x00000000d5580000, 0x00000000f4800000, 0x0000000100000000)
  eden space 342528K, 100% used [0x00000000d5580000,0x00000000ea400000,0x00000000ea400000)
  from space 57344K, 77% used [0x00000000ea400000,0x00000000ecf33a38,0x00000000edc00000)
  to   space 59904K, 0% used [0x00000000f0d80000,0x00000000f0d80000,0x00000000f4800000)
 ParOldGen       total 194048K, used 50962K [0x0000000080000000, 0x000000008bd80000, 0x00000000d5580000)
  object space 194048K, 26% used [0x0000000080000000,0x00000000831c4928,0x000000008bd80000)
 Metaspace       used 128081K, capacity 135013K, committed 135208K, reserved 1167360K
  class space    used 16902K, capacity 18189K, committed 18232K, reserved 1048576K
Event: 5245.195 GC heap after
Heap after GC invocations=34 (full 4):
 PSYoungGen      total 449024K, used 42332K [0x00000000d5580000, 0x00000000f5500000, 0x0000000100000000)
  eden space 389120K, 0% used [0x00000000d5580000,0x00000000d5580000,0x00000000ed180000)
  from space 59904K, 70% used [0x00000000f0d80000,0x00000000f36d70b0,0x00000000f4800000)
  to   space 61440K, 0% used [0x00000000ed180000,0x00000000ed180000,0x00000000f0d80000)
 ParOldGen       total 194048K, used 50970K [0x0000000080000000, 0x000000008bd80000, 0x00000000d5580000)
  object space 194048K, 26% used [0x0000000080000000,0x00000000831c6928,0x000000008bd80000)
 Metaspace       used 128081K, capacity 135013K, committed 135208K, reserved 1167360K
  class space    used 16902K, capacity 18189K, committed 18232K, reserved 1048576K
}
Event: 5250.158 GC heap before
{Heap before GC invocations=35 (full 4):
 PSYoungGen      total 449024K, used 431452K [0x00000000d5580000, 0x00000000f5500000, 0x0000000100000000)
  eden space 389120K, 100% used [0x00000000d5580000,0x00000000ed180000,0x00000000ed180000)
  from space 59904K, 70% used [0x00000000f0d80000,0x00000000f36d70b0,0x00000000f4800000)
  to   space 61440K, 0% used [0x00000000ed180000,0x00000000ed180000,0x00000000f0d80000)
 ParOldGen       total 194048K, used 50970K [0x0000000080000000, 0x000000008bd80000, 0x00000000d5580000)
  object space 194048K, 26% used [0x0000000080000000,0x00000000831c6928,0x000000008bd80000)
 Metaspace       used 128295K, capacity 135249K, committed 135592K, reserved 1167360K
  class space    used 16935K, capacity 18239K, committed 18360K, reserved 1048576K
Event: 5250.254 GC heap after
Heap after GC invocations=35 (full 4):
 PSYoungGen      total 450560K, used 31483K [0x00000000d5580000, 0x00000000f8280000, 0x0000000100000000)
  eden space 389120K, 0% used [0x00000000d5580000,0x00000000d5580000,0x00000000ed180000)
  from space 61440K, 51% used [0x00000000ed180000,0x00000000ef03ee70,0x00000000f0d80000)
  to   space 58368K, 0% used [0x00000000f4980000,0x00000000f4980000,0x00000000f8280000)
 ParOldGen       total 194048K, used 50978K [0x0000000080000000, 0x000000008bd80000, 0x00000000d5580000)
  object space 194048K, 26% used [0x0000000080000000,0x00000000831c8928,0x000000008bd80000)
 Metaspace       used 128295K, capacity 135249K, committed 135592K, reserved 1167360K
  class space    used 16935K, capacity 18239K, committed 18360K, reserved 1048576K
}

Deoptimization events (10 events):
Event: 5246.062 Thread 0x0000000022793800 Uncommon trap: reason=class_check action=maybe_recompile pc=0x00000000071c9744 method=com.android.tools.r8.u.b.m1.a0()I @ 19
Event: 5246.533 Thread 0x0000000022793800 Uncommon trap: reason=unstable_if action=reinterpret pc=0x0000000006cb32fc method=com.android.tools.r8.u.b.m1.v()Lcom/android/tools/r8/u/b/m1; @ 6
Event: 5246.664 Thread 0x0000000022793800 Uncommon trap: reason=unstable_if action=reinterpret pc=0x0000000006b0d5c8 method=com.android.tools.r8.ir.regalloc.a.a(Lcom/android/tools/r8/ir/regalloc/a$a;Z)Lcom/android/tools/r8/ir/regalloc/a$a; @ 2170
Event: 5248.952 Thread 0x0000000022793800 Uncommon trap: reason=array_check action=maybe_recompile pc=0x00000000062c443c method=java.util.TimSort.mergeLo(IIII)V @ 468
Event: 5248.952 Thread 0x0000000022793800 Uncommon trap: reason=array_check action=maybe_recompile pc=0x00000000062c443c method=java.util.TimSort.mergeLo(IIII)V @ 468
Event: 5248.956 Thread 0x0000000022793800 Uncommon trap: reason=unstable_if action=reinterpret pc=0x0000000003374290 method=java.util.TimSort.countRunAndMakeAscending([Ljava/lang/Object;IILjava/util/Comparator;)I @ 27
Event: 5250.156 Thread 0x000000001b45b000 Uncommon trap: reason=bimorphic action=maybe_recompile pc=0x00000000051af014 method=java.security.MessageDigest$Delegate.clone()Ljava/lang/Object; @ 14
Event: 5250.156 Thread 0x000000001b45b000 Uncommon trap: reason=bimorphic action=maybe_recompile pc=0x00000000051af014 method=java.security.MessageDigest$Delegate.clone()Ljava/lang/Object; @ 14
Event: 5250.998 Thread 0x000000001b45b000 Uncommon trap: reason=bimorphic action=maybe_recompile pc=0x00000000051af014 method=java.security.MessageDigest$Delegate.clone()Ljava/lang/Object; @ 14
Event: 5251.350 Thread 0x000000001b45b000 Uncommon trap: reason=bimorphic action=maybe_recompile pc=0x00000000051af014 method=java.security.MessageDigest$Delegate.clone()Ljava/lang/Object; @ 14

Classes redefined (0 events):
No events

Internal exceptions (10 events):
Event: 5245.391 Thread 0x000000002278e000 Exception <a 'sun/nio/fs/WindowsException'> (0x00000000d56f8998) thrown at [C:\src\AOSP-openjdk-git\hotspot\src\share\vm\prims\jni.cpp, line 710]
Event: 5249.055 Thread 0x0000000022793800 Exception <a 'sun/nio/fs/WindowsException'> (0x00000000eaa50b80) thrown at [C:\src\AOSP-openjdk-git\hotspot\src\share\vm\prims\jni.cpp, line 710]
Event: 5249.633 Thread 0x0000000022792800 Exception <a 'sun/nio/fs/WindowsException'> (0x00000000d6085648) thrown at [C:\src\AOSP-openjdk-git\hotspot\src\share\vm\prims\jni.cpp, line 710]
Event: 5249.833 Thread 0x000000002278e000 Exception <a 'sun/nio/fs/WindowsException'> (0x00000000d5720088) thrown at [C:\src\AOSP-openjdk-git\hotspot\src\share\vm\prims\jni.cpp, line 710]
Event: 5250.118 Thread 0x0000000022792800 Exception <a 'sun/nio/fs/WindowsException'> (0x00000000ece800a0) thrown at [C:\src\AOSP-openjdk-git\hotspot\src\share\vm\prims\jni.cpp, line 710]
Event: 5250.861 Thread 0x0000000022793800 Exception <a 'sun/nio/fs/WindowsException'> (0x00000000d5892cf8) thrown at [C:\src\AOSP-openjdk-git\hotspot\src\share\vm\prims\jni.cpp, line 710]
Event: 5251.618 Thread 0x000000002278e000 Exception <a 'sun/nio/fs/WindowsException'> (0x00000000d5d9de60) thrown at [C:\src\AOSP-openjdk-git\hotspot\src\share\vm\prims\jni.cpp, line 710]
Event: 5251.674 Thread 0x000000002278e000 Exception <a 'sun/nio/fs/WindowsException'> (0x00000000d64b2750) thrown at [C:\src\AOSP-openjdk-git\hotspot\src\share\vm\prims\jni.cpp, line 710]
Event: 5251.696 Thread 0x0000000022792800 Exception <a 'sun/nio/fs/WindowsException'> (0x00000000d5797808) thrown at [C:\src\AOSP-openjdk-git\hotspot\src\share\vm\prims\jni.cpp, line 710]
Event: 5251.720 Thread 0x0000000022793800 Exception <a 'sun/nio/fs/WindowsException'> (0x00000000d5937fe0) thrown at [C:\src\AOSP-openjdk-git\hotspot\src\share\vm\prims\jni.cpp, line 710]

Events (10 events):
Event: 5251.639 Thread 0x000000002278e000 DEOPT PACKING pc=0x0000000006455371 sp=0x000000002747a030
Event: 5251.639 Thread 0x000000002278e000 DEOPT UNPACKING pc=0x0000000002c375d0 sp=0x0000000027479f58 mode 0
Event: 5251.657 Thread 0x000000002278e000 DEOPT PACKING pc=0x00000000070fbbb5 sp=0x000000002747a320
Event: 5251.657 Thread 0x000000002278e000 DEOPT UNPACKING pc=0x0000000002c375d0 sp=0x000000002747a458 mode 0
Event: 5251.665 Thread 0x000000002278e000 DEOPT PACKING pc=0x00000000068a0973 sp=0x000000002747a100
Event: 5251.665 Thread 0x000000002278e000 DEOPT UNPACKING pc=0x0000000002c375d0 sp=0x0000000027479ff8 mode 0
Event: 5251.669 Thread 0x000000002278e000 DEOPT PACKING pc=0x00000000059e9606 sp=0x000000002747af20
Event: 5251.669 Thread 0x000000002278e000 DEOPT UNPACKING pc=0x0000000002c375d0 sp=0x000000002747ac98 mode 0
Event: 5251.859 Thread 0x0000000022793800 DEOPT PACKING pc=0x0000000006464f4c sp=0x0000000027c7a7a0
Event: 5251.859 Thread 0x0000000022793800 DEOPT UNPACKING pc=0x0000000002c375d0 sp=0x0000000027c7a508 mode 0


Dynamic libraries:
0x00007ff681890000 - 0x00007ff6818c1000 	C:\Program Files\Android\Android Studio\jre\bin\java.exe
0x00007ff9a6400000 - 0x00007ff9a65f0000 	C:\WINDOWS\SYSTEM32\ntdll.dll
0x00007ff99c290000 - 0x00007ff99c2a3000 	C:\Program Files\AVAST Software\Avast\aswhook.dll
0x00007ff9a46c0000 - 0x00007ff9a4772000 	C:\WINDOWS\System32\KERNEL32.DLL
0x00007ff9a4200000 - 0x00007ff9a44a4000 	C:\WINDOWS\System32\KERNELBASE.dll
0x00007ff9a54c0000 - 0x00007ff9a5563000 	C:\WINDOWS\System32\ADVAPI32.dll
0x00007ff9a4d30000 - 0x00007ff9a4dce000 	C:\WINDOWS\System32\msvcrt.dll
0x00007ff9a6320000 - 0x00007ff9a63b7000 	C:\WINDOWS\System32\sechost.dll
0x00007ff9a5730000 - 0x00007ff9a5850000 	C:\WINDOWS\System32\RPCRT4.dll
0x00007ff9a5ee0000 - 0x00007ff9a6074000 	C:\WINDOWS\System32\USER32.dll
0x00007ff9a44e0000 - 0x00007ff9a4501000 	C:\WINDOWS\System32\win32u.dll
0x00007ff9a5570000 - 0x00007ff9a5596000 	C:\WINDOWS\System32\GDI32.dll
0x00007ff9a4060000 - 0x00007ff9a41f5000 	C:\WINDOWS\System32\gdi32full.dll
0x00007ff9a3840000 - 0x00007ff9a38de000 	C:\WINDOWS\System32\msvcp_win.dll
0x00007ff9a3670000 - 0x00007ff9a376a000 	C:\WINDOWS\System32\ucrtbase.dll
0x00007ff9a24a0000 - 0x00007ff9a2724000 	C:\WINDOWS\WinSxS\amd64_microsoft.windows.common-controls_6595b64144ccf1df_6.0.18362.900_none_e6beb9d913147d17\COMCTL32.dll
0x00007ff9a5b40000 - 0x00007ff9a5e75000 	C:\WINDOWS\System32\combase.dll
0x00007ff9a3450000 - 0x00007ff9a34d0000 	C:\WINDOWS\System32\bcryptPrimitives.dll
0x00007ff9a4cb0000 - 0x00007ff9a4cde000 	C:\WINDOWS\System32\IMM32.DLL
0x00000000596b0000 - 0x0000000059782000 	C:\Program Files\Android\Android Studio\jre\jre\bin\msvcr100.dll
0x0000000057fb0000 - 0x00000000587fb000 	C:\Program Files\Android\Android Studio\jre\jre\bin\server\jvm.dll
0x00007ff9a4780000 - 0x00007ff9a4788000 	C:\WINDOWS\System32\PSAPI.DLL
0x00007ff993070000 - 0x00007ff993079000 	C:\WINDOWS\SYSTEM32\WSOCK32.dll
0x00007ff9a5850000 - 0x00007ff9a58bf000 	C:\WINDOWS\System32\WS2_32.dll
0x00007ff9a0e40000 - 0x00007ff9a0e64000 	C:\WINDOWS\SYSTEM32\WINMM.dll
0x00007ff9a1c80000 - 0x00007ff9a1c8a000 	C:\WINDOWS\SYSTEM32\VERSION.dll
0x00007ff9a0e10000 - 0x00007ff9a0e3d000 	C:\WINDOWS\SYSTEM32\WINMMBASE.dll
0x00007ff9a34d0000 - 0x00007ff9a351a000 	C:\WINDOWS\System32\cfgmgr32.dll
0x00007ff99f320000 - 0x00007ff99f32f000 	C:\Program Files\Android\Android Studio\jre\jre\bin\verify.dll
0x00007ff993f50000 - 0x00007ff993f79000 	C:\Program Files\Android\Android Studio\jre\jre\bin\java.dll
0x00007ff994d30000 - 0x00007ff994d46000 	C:\Program Files\Android\Android Studio\jre\jre\bin\zip.dll
0x00007ff9a4dd0000 - 0x00007ff9a54b6000 	C:\WINDOWS\System32\SHELL32.dll
0x00007ff9a5620000 - 0x00007ff9a56c9000 	C:\WINDOWS\System32\shcore.dll
0x00007ff9a38e0000 - 0x00007ff9a4060000 	C:\WINDOWS\System32\windows.storage.dll
0x00007ff9a3370000 - 0x00007ff9a3393000 	C:\WINDOWS\System32\profapi.dll
0x00007ff9a33a0000 - 0x00007ff9a33ea000 	C:\WINDOWS\System32\powrprof.dll
0x00007ff9a3320000 - 0x00007ff9a3330000 	C:\WINDOWS\System32\UMPDC.dll
0x00007ff9a56d0000 - 0x00007ff9a5722000 	C:\WINDOWS\System32\shlwapi.dll
0x00007ff9a3330000 - 0x00007ff9a3341000 	C:\WINDOWS\System32\kernel.appcore.dll
0x00007ff9a3820000 - 0x00007ff9a3837000 	C:\WINDOWS\System32\cryptsp.dll
0x00007ff991b40000 - 0x00007ff991b5a000 	C:\Program Files\Android\Android Studio\jre\jre\bin\net.dll
0x00007ff9a27c0000 - 0x00007ff9a2827000 	C:\WINDOWS\system32\mswsock.dll
0x00007ff98ecf0000 - 0x00007ff98ed03000 	C:\Program Files\Android\Android Studio\jre\jre\bin\nio.dll
0x00007ff993e80000 - 0x00007ff993ea6000 	C:\Users\user\.gradle\native\31\windows-amd64\native-platform.dll
0x00007ff998fc0000 - 0x00007ff998fcd000 	C:\Program Files\Android\Android Studio\jre\jre\bin\management.dll
0x00007ff9a2080000 - 0x00007ff9a20b3000 	C:\WINDOWS\system32\rsaenh.dll
0x00007ff9a44b0000 - 0x00007ff9a44d6000 	C:\WINDOWS\System32\bcrypt.dll
0x00007ff9a3210000 - 0x00007ff9a3235000 	C:\WINDOWS\SYSTEM32\USERENV.dll
0x00007ff9a2990000 - 0x00007ff9a299c000 	C:\WINDOWS\SYSTEM32\CRYPTBASE.dll
0x00007ff9a2240000 - 0x00007ff9a227a000 	C:\WINDOWS\SYSTEM32\IPHLPAPI.DLL
0x00007ff9a4d20000 - 0x00007ff9a4d28000 	C:\WINDOWS\System32\NSI.dll
0x00007ff997a00000 - 0x00007ff997a16000 	C:\WINDOWS\SYSTEM32\dhcpcsvc6.DLL
0x00007ff999db0000 - 0x00007ff999dcc000 	C:\WINDOWS\SYSTEM32\dhcpcsvc.DLL
0x00007ff9a2280000 - 0x00007ff9a234b000 	C:\WINDOWS\SYSTEM32\DNSAPI.dll
0x00007ff992a40000 - 0x00007ff992a5e000 	C:\Users\user\AppData\Local\Temp\native-platform3814532761541137735dir\native-platform.dll
0x00007ff9a0f40000 - 0x00007ff9a0fcf000 	C:\WINDOWS\system32\apphelp.dll

VM Arguments:
jvm_args: -Xmx2048m -Dfile.encoding=windows-1252 -Duser.country=US -Duser.language=en -Duser.variant 
java_command: org.gradle.launcher.daemon.bootstrap.GradleDaemon 6.1.1
java_class_path (initial): C:\Users\user\.gradle\wrapper\dists\gradle-6.1.1-all\cfmwm155h49vnt3hynmlrsdst\gradle-6.1.1\lib\gradle-launcher-6.1.1.jar
Launcher Type: SUN_STANDARD

Environment Variables:
PATH=C:\Program Files (x86)\NVIDIA Corporation\PhysX\Common;C:\Program Files (x86)\Common Files\Oracle\Java\javapath;C:\WINDOWS\system32;C:\WINDOWS;C:\WINDOWS\System32\Wbem;C:\WINDOWS\System32\WindowsPowerShell\v1.0\;C:\Program Files\Git\cmd;C:\Program Files (x86)\Intel\OpenCL SDK\2.0\bin\x86;C:\Program Files (x86)\Intel\OpenCL SDK\2.0\bin\x64;C:\WINDOWS\System32\OpenSSH\;C:\Program Files\Dart\dart-sdk\bin;C:\Users\user\AppData\Local\Microsoft\WindowsApps;
USERNAME=Noel
OS=Windows_NT
PROCESSOR_IDENTIFIER=Intel64 Family 6 Model 42 Stepping 7, GenuineIntel



---------------  S Y S T E M  ---------------

OS: Windows 10.0 , 64 bit Build 18362 (10.0.18362.900)

CPU:total 4 (initial active 4) (2 cores per cpu, 2 threads per core) family 6 model 42 stepping 7, cmov, cx8, fxsr, mmx, sse, sse2, sse3, ssse3, sse4.1, sse4.2, popcnt, avx, aes, clmul, ht, tsc, tscinvbit

Memory: 4k page, physical 8296812k(438952k free), swap 10250604k(2312k free)

vm_info: OpenJDK 64-Bit Server VM (25.242-b01) for windows-amd64 JRE (1.8.0_242-release-1644-b01), built by "builder" with MS VC++ 10.0 (VS2010)

time: Fri Jun 26 15:32:55 2020
timezone: W. Central Africa Standard Time
elapsed time: 5252 seconds (0d 1h 27m 32s)

